<?xml version="1.0" encoding="UTF-8"?>
<!-- Generated by org.testng.reporters.JUnitXMLReporter -->
<testsuite ignored="0" hostname="xmchelap462" failures="0" tests="5" name="Default test" time="12.703" errors="0" timestamp="2025-07-09T12:57:52 IST">
  <testcase classname="Tests.LoginTest" name="testLogin" time="1.391"/>
  <testcase classname="Tests.LoginTest" name="testLogin" time="0.463"/>
  <testcase classname="Tests.LoginTest" name="testLogin" time="0.455"/>
  <testcase classname="Tests.LoginTest" name="testLogin" time="0.34"/>
  <testcase classname="Tests.LoginTest" name="testLogin" time="6.184"/>
</testsuite> <!-- Default test -->
